<?xml version="1.0" encoding="UTF-8"?>
<testng-results ignored="0" total="2" passed="2" failed="0" skipped="0">
  <reporter-output>
  </reporter-output>
  <suite started-at="2022-04-13T20:04:17 IST" name="Suite" finished-at="2022-04-13T20:04:34 IST" duration-ms="17027">
    <groups>
    </groups>
    <test started-at="2022-04-13T20:04:17 IST" name="Test" finished-at="2022-04-13T20:04:34 IST" duration-ms="17027">
      <class name="TestCases.VerifySignIn">
        <test-method is-config="true" signature="launchBrowser()[pri:0, instance:TestCases.VerifySignIn@25084a1e]" started-at="2022-04-13T20:04:17 IST" name="launchBrowser" finished-at="2022-04-13T20:04:22 IST" duration-ms="4700" status="PASS">
          <reporter-output>
          </reporter-output>
        </test-method> <!-- launchBrowser -->
        <test-method signature="enterCredientials()[pri:0, instance:TestCases.VerifySignIn@25084a1e]" started-at="2022-04-13T20:04:22 IST" name="enterCredientials" finished-at="2022-04-13T20:04:22 IST" duration-ms="318" status="PASS">
          <reporter-output>
          </reporter-output>
        </test-method> <!-- enterCredientials -->
        <test-method is-config="true" signature="quitBrowser()[pri:0, instance:TestCases.VerifySignIn@25084a1e]" started-at="2022-04-13T20:04:22 IST" name="quitBrowser" finished-at="2022-04-13T20:04:23 IST" duration-ms="346" status="PASS">
          <reporter-output>
          </reporter-output>
        </test-method> <!-- quitBrowser -->
      </class> <!-- TestCases.VerifySignIn -->
      <class name="TestCases.VerifySignUp">
        <test-method is-config="true" signature="launchBrowser()[pri:0, instance:TestCases.VerifySignUp@7c711375]" started-at="2022-04-13T20:04:23 IST" name="launchBrowser" finished-at="2022-04-13T20:04:26 IST" duration-ms="2964" status="PASS">
          <reporter-output>
          </reporter-output>
        </test-method> <!-- launchBrowser -->
        <test-method signature="signUp()[pri:0, instance:TestCases.VerifySignUp@7c711375]" started-at="2022-04-13T20:04:26 IST" name="signUp" finished-at="2022-04-13T20:04:34 IST" duration-ms="8299" status="PASS">
          <reporter-output>
          </reporter-output>
        </test-method> <!-- signUp -->
        <test-method is-config="true" signature="quitBrowser()[pri:0, instance:TestCases.VerifySignUp@7c711375]" started-at="2022-04-13T20:04:34 IST" name="quitBrowser" finished-at="2022-04-13T20:04:34 IST" duration-ms="355" status="PASS">
          <reporter-output>
          </reporter-output>
        </test-method> <!-- quitBrowser -->
      </class> <!-- TestCases.VerifySignUp -->
    </test> <!-- Test -->
  </suite> <!-- Suite -->
</testng-results>
